Namespace(arch='alexnet', batch_size=256, center_crop=False, checkmodel_logsave=False, data='Office31', data_processing='ours', epochs=30, iters_per_epoch=500, local=True, local_pretrained_path='/home/junzhin/Project/Summer_project/code/version1.0/old_model_results/ALEX_office31masked2_newmodel_best.pth.tar', log='/home/junzhin/Project/Summer_project/code/version2.0/training_results/baseline_old/ALEX_office31masked2/A_D', lr=0.001, lr_decay=0.75, lr_gamma=0.0003, momentum=0.9, per_class_eval=False, phase='train', pretrained=True, print_freq=100, root='/home/junzhin/Project/Summer_project/code/version2.0/data/office31', seed=None, source='A', target='D', wd=0.0005, workers=4)
=> using pre-trained model 'alexnet'
Loading the local alexnet pretrained model weights!
Epoch: [0][  0/500]	Time 1.334 (1.334)	Data 0.103 (0.103)	Loss 3.43 (3.43)	Cls Acc 3.9 (3.9)
Epoch: [0][100/500]	Time 0.183 (0.426)	Data 0.152 (0.382)	Loss 3.44 (3.43)	Cls Acc 4.3 (3.5)
Epoch: [0][200/500]	Time 0.179 (0.430)	Data 0.147 (0.392)	Loss 3.43 (3.43)	Cls Acc 3.5 (3.5)
Epoch: [0][300/500]	Time 0.180 (0.433)	Data 0.149 (0.397)	Loss 3.43 (3.43)	Cls Acc 3.9 (3.5)
Epoch: [0][400/500]	Time 0.662 (0.435)	Data 0.627 (0.400)	Loss 3.43 (3.43)	Cls Acc 4.7 (3.5)
Test: [0/2]	Time  6.274 ( 6.274)	Loss 3.4235e+00 (3.4235e+00)	Acc@1   5.08 (  5.08)	Acc@5  16.41 ( 16.41)
 * Acc@1 2.610 Acc@5 18.675
acc1 = 2.6, best_acc1 = 2.6
Epoch: [1][  0/500]	Time 0.130 (0.130)	Data 0.099 (0.099)	Loss 3.43 (3.43)	Cls Acc 2.7 (2.7)
Epoch: [1][100/500]	Time 0.180 (0.424)	Data 0.148 (0.393)	Loss 3.42 (3.43)	Cls Acc 3.5 (3.5)
Epoch: [1][200/500]	Time 0.179 (0.426)	Data 0.148 (0.394)	Loss 3.42 (3.42)	Cls Acc 4.3 (3.5)
Epoch: [1][300/500]	Time 0.715 (0.432)	Data 0.683 (0.400)	Loss 3.42 (3.42)	Cls Acc 3.5 (3.4)
Epoch: [1][400/500]	Time 0.187 (0.434)	Data 0.156 (0.402)	Loss 3.42 (3.42)	Cls Acc 6.2 (3.5)
Test: [0/2]	Time  6.274 ( 6.274)	Loss 3.4134e+00 (3.4134e+00)	Acc@1   1.95 (  1.95)	Acc@5  17.58 ( 17.58)
 * Acc@1 1.406 Acc@5 18.876
acc1 = 1.4, best_acc1 = 2.6
Epoch: [2][  0/500]	Time 0.134 (0.134)	Data 0.101 (0.101)	Loss 3.43 (3.43)	Cls Acc 6.6 (6.6)
Epoch: [2][100/500]	Time 1.790 (0.449)	Data 1.758 (0.417)	Loss 3.41 (3.42)	Cls Acc 3.9 (4.0)
Epoch: [2][200/500]	Time 0.184 (0.440)	Data 0.152 (0.408)	Loss 3.41 (3.42)	Cls Acc 3.1 (3.9)
Epoch: [2][300/500]	Time 0.182 (0.442)	Data 0.151 (0.410)	Loss 3.42 (3.42)	Cls Acc 2.7 (3.8)
Epoch: [2][400/500]	Time 0.182 (0.440)	Data 0.151 (0.408)	Loss 3.42 (3.42)	Cls Acc 3.1 (3.8)
Test: [0/2]	Time  6.718 ( 6.718)	Loss 3.4047e+00 (3.4047e+00)	Acc@1   0.00 (  0.00)	Acc@5  19.92 ( 19.92)
 * Acc@1 1.606 Acc@5 19.679
acc1 = 1.6, best_acc1 = 2.6
Epoch: [3][  0/500]	Time 0.134 (0.134)	Data 0.102 (0.102)	Loss 3.41 (3.41)	Cls Acc 4.3 (4.3)
Epoch: [3][100/500]	Time 0.184 (0.430)	Data 0.151 (0.397)	Loss 3.42 (3.41)	Cls Acc 2.0 (3.6)
Epoch: [3][200/500]	Time 0.182 (0.432)	Data 0.150 (0.400)	Loss 3.41 (3.41)	Cls Acc 5.9 (3.7)
Epoch: [3][300/500]	Time 0.183 (0.434)	Data 0.150 (0.402)	Loss 3.40 (3.41)	Cls Acc 3.5 (3.7)
Epoch: [3][400/500]	Time 0.594 (0.437)	Data 0.563 (0.404)	Loss 3.41 (3.41)	Cls Acc 3.1 (3.7)
Test: [0/2]	Time  6.307 ( 6.307)	Loss 3.3979e+00 (3.3979e+00)	Acc@1   0.78 (  0.78)	Acc@5  17.97 ( 17.97)
 * Acc@1 4.016 Acc@5 18.474
acc1 = 4.0, best_acc1 = 4.0
Epoch: [4][  0/500]	Time 0.134 (0.134)	Data 0.100 (0.100)	Loss 3.40 (3.40)	Cls Acc 2.3 (2.3)
Epoch: [4][100/500]	Time 0.176 (0.433)	Data 0.145 (0.401)	Loss 3.39 (3.40)	Cls Acc 4.7 (3.7)
Epoch: [4][200/500]	Time 1.895 (0.444)	Data 1.856 (0.412)	Loss 3.40 (3.39)	Cls Acc 2.0 (3.9)
Epoch: [4][300/500]	Time 0.189 (0.442)	Data 0.152 (0.410)	Loss 3.37 (3.39)	Cls Acc 6.2 (4.1)
Epoch: [4][400/500]	Time 0.186 (0.441)	Data 0.151 (0.409)	Loss 3.38 (3.39)	Cls Acc 3.9 (4.4)
Test: [0/2]	Time  6.744 ( 6.744)	Loss 3.3914e+00 (3.3914e+00)	Acc@1   0.39 (  0.39)	Acc@5  23.44 ( 23.44)
 * Acc@1 6.225 Acc@5 18.675
acc1 = 6.2, best_acc1 = 6.2
Epoch: [5][  0/500]	Time 0.132 (0.132)	Data 0.099 (0.099)	Loss 3.39 (3.39)	Cls Acc 5.9 (5.9)
Epoch: [5][100/500]	Time 0.640 (0.426)	Data 0.608 (0.394)	Loss 3.37 (3.37)	Cls Acc 7.4 (6.6)
Epoch: [5][200/500]	Time 0.180 (0.432)	Data 0.145 (0.400)	Loss 3.38 (3.37)	Cls Acc 7.0 (7.2)
Epoch: [5][300/500]	Time 0.181 (0.431)	Data 0.149 (0.399)	Loss 3.34 (3.36)	Cls Acc 9.0 (7.9)
Epoch: [5][400/500]	Time 0.183 (0.432)	Data 0.150 (0.400)	Loss 3.32 (3.35)	Cls Acc 12.5 (8.5)
Test: [0/2]	Time  6.411 ( 6.411)	Loss 3.4024e+00 (3.4024e+00)	Acc@1   4.69 (  4.69)	Acc@5  27.34 ( 27.34)
 * Acc@1 2.410 Acc@5 20.080
acc1 = 2.4, best_acc1 = 6.2
Epoch: [6][  0/500]	Time 0.139 (0.139)	Data 0.105 (0.105)	Loss 3.31 (3.31)	Cls Acc 11.3 (11.3)
Epoch: [6][100/500]	Time 0.175 (0.440)	Data 0.144 (0.408)	Loss 3.30 (3.31)	Cls Acc 14.1 (11.2)
Epoch: [6][200/500]	Time 0.179 (0.438)	Data 0.148 (0.406)	Loss 3.31 (3.30)	Cls Acc 9.0 (11.0)
Epoch: [6][300/500]	Time 1.812 (0.443)	Data 1.780 (0.411)	Loss 3.27 (3.29)	Cls Acc 9.0 (10.8)
Epoch: [6][400/500]	Time 0.181 (0.441)	Data 0.150 (0.409)	Loss 3.28 (3.29)	Cls Acc 8.2 (10.7)
Test: [0/2]	Time  6.680 ( 6.680)	Loss 3.5249e+00 (3.5249e+00)	Acc@1   4.69 (  4.69)	Acc@5  30.47 ( 30.47)
 * Acc@1 2.410 Acc@5 21.687
acc1 = 2.4, best_acc1 = 6.2
Epoch: [7][  0/500]	Time 0.129 (0.129)	Data 0.098 (0.098)	Loss 3.29 (3.29)	Cls Acc 9.0 (9.0)
Epoch: [7][100/500]	Time 0.185 (0.420)	Data 0.153 (0.389)	Loss 3.27 (3.26)	Cls Acc 10.5 (10.9)
Epoch: [7][200/500]	Time 0.790 (0.432)	Data 0.757 (0.400)	Loss 3.20 (3.25)	Cls Acc 11.7 (11.2)
Epoch: [7][300/500]	Time 0.183 (0.435)	Data 0.150 (0.403)	Loss 3.25 (3.25)	Cls Acc 10.9 (11.4)
Epoch: [7][400/500]	Time 0.184 (0.435)	Data 0.153 (0.403)	Loss 3.24 (3.25)	Cls Acc 12.1 (11.6)
Test: [0/2]	Time  6.447 ( 6.447)	Loss 3.6035e+00 (3.6035e+00)	Acc@1   4.69 (  4.69)	Acc@5  30.08 ( 30.08)
 * Acc@1 2.410 Acc@5 21.888
acc1 = 2.4, best_acc1 = 6.2
Epoch: [8][  0/500]	Time 0.131 (0.131)	Data 0.097 (0.097)	Loss 3.26 (3.26)	Cls Acc 18.0 (18.0)
Epoch: [8][100/500]	Time 0.566 (0.445)	Data 0.534 (0.413)	Loss 3.21 (3.24)	Cls Acc 14.8 (13.3)
Epoch: [8][200/500]	Time 0.177 (0.442)	Data 0.146 (0.410)	Loss 3.24 (3.24)	Cls Acc 12.1 (13.3)
Epoch: [8][300/500]	Time 0.178 (0.442)	Data 0.147 (0.410)	Loss 3.25 (3.24)	Cls Acc 9.8 (13.3)
Epoch: [8][400/500]	Time 1.792 (0.444)	Data 1.760 (0.412)	Loss 3.19 (3.23)	Cls Acc 13.7 (13.4)
Test: [0/2]	Time  6.747 ( 6.747)	Loss 3.6266e+00 (3.6266e+00)	Acc@1   4.69 (  4.69)	Acc@5  29.69 ( 29.69)
 * Acc@1 2.410 Acc@5 21.687
acc1 = 2.4, best_acc1 = 6.2
Epoch: [9][  0/500]	Time 0.137 (0.137)	Data 0.103 (0.103)	Loss 3.23 (3.23)	Cls Acc 15.6 (15.6)
Epoch: [9][100/500]	Time 0.182 (0.425)	Data 0.151 (0.393)	Loss 3.19 (3.22)	Cls Acc 14.5 (13.7)
Epoch: [9][200/500]	Time 0.182 (0.431)	Data 0.150 (0.399)	Loss 3.23 (3.22)	Cls Acc 12.9 (13.8)
Epoch: [9][300/500]	Time 0.827 (0.436)	Data 0.796 (0.404)	Loss 3.25 (3.22)	Cls Acc 17.6 (13.9)
Epoch: [9][400/500]	Time 0.179 (0.434)	Data 0.148 (0.402)	Loss 3.19 (3.22)	Cls Acc 18.8 (14.0)
Test: [0/2]	Time  6.531 ( 6.531)	Loss 3.6370e+00 (3.6370e+00)	Acc@1   5.08 (  5.08)	Acc@5  27.73 ( 27.73)
 * Acc@1 2.610 Acc@5 20.683
acc1 = 2.6, best_acc1 = 6.2
Epoch: [10][  0/500]	Time 0.136 (0.136)	Data 0.102 (0.102)	Loss 3.21 (3.21)	Cls Acc 11.3 (11.3)
Epoch: [10][100/500]	Time 0.180 (0.433)	Data 0.145 (0.401)	Loss 3.21 (3.21)	Cls Acc 12.5 (14.5)
Epoch: [10][200/500]	Time 0.646 (0.439)	Data 0.615 (0.407)	Loss 3.17 (3.20)	Cls Acc 12.5 (14.6)
Epoch: [10][300/500]	Time 0.176 (0.439)	Data 0.145 (0.407)	Loss 3.15 (3.20)	Cls Acc 15.6 (14.7)
Epoch: [10][400/500]	Time 0.182 (0.438)	Data 0.150 (0.406)	Loss 3.21 (3.20)	Cls Acc 18.4 (14.8)
Test: [0/2]	Time  6.352 ( 6.352)	Loss 3.6488e+00 (3.6488e+00)	Acc@1   5.08 (  5.08)	Acc@5  26.95 ( 26.95)
 * Acc@1 2.610 Acc@5 20.281
acc1 = 2.6, best_acc1 = 6.2
Epoch: [11][  0/500]	Time 1.844 (1.844)	Data 1.810 (1.810)	Loss 3.17 (3.17)	Cls Acc 15.2 (15.2)
Epoch: [11][100/500]	Time 0.184 (0.458)	Data 0.152 (0.426)	Loss 3.15 (3.18)	Cls Acc 14.5 (15.5)
Epoch: [11][200/500]	Time 0.182 (0.450)	Data 0.150 (0.418)	Loss 3.13 (3.18)	Cls Acc 16.0 (15.5)
Epoch: [11][300/500]	Time 0.178 (0.446)	Data 0.146 (0.414)	Loss 3.18 (3.18)	Cls Acc 18.4 (15.6)
Epoch: [11][400/500]	Time 0.782 (0.445)	Data 0.750 (0.413)	Loss 3.17 (3.17)	Cls Acc 9.4 (15.7)
Test: [0/2]	Time  6.437 ( 6.437)	Loss 3.6718e+00 (3.6718e+00)	Acc@1   5.47 (  5.47)	Acc@5  26.17 ( 26.17)
 * Acc@1 2.811 Acc@5 20.281
acc1 = 2.8, best_acc1 = 6.2
Epoch: [12][  0/500]	Time 0.131 (0.131)	Data 0.099 (0.099)	Loss 3.18 (3.18)	Cls Acc 16.8 (16.8)
Epoch: [12][100/500]	Time 0.183 (0.433)	Data 0.152 (0.400)	Loss 3.19 (3.15)	Cls Acc 19.1 (16.3)
Epoch: [12][200/500]	Time 0.181 (0.436)	Data 0.150 (0.404)	Loss 3.11 (3.15)	Cls Acc 16.0 (16.5)
Epoch: [12][300/500]	Time 0.748 (0.440)	Data 0.717 (0.408)	Loss 3.15 (3.14)	Cls Acc 17.2 (16.6)
Epoch: [12][400/500]	Time 0.176 (0.439)	Data 0.145 (0.407)	Loss 3.11 (3.14)	Cls Acc 17.2 (16.7)
Test: [0/2]	Time  6.206 ( 6.206)	Loss 3.7032e+00 (3.7032e+00)	Acc@1   5.86 (  5.86)	Acc@5  25.00 ( 25.00)
 * Acc@1 3.012 Acc@5 19.679
acc1 = 3.0, best_acc1 = 6.2
Epoch: [13][  0/500]	Time 0.131 (0.131)	Data 0.097 (0.097)	Loss 3.10 (3.10)	Cls Acc 19.5 (19.5)
Epoch: [13][100/500]	Time 1.834 (0.449)	Data 1.802 (0.417)	Loss 3.07 (3.10)	Cls Acc 18.0 (17.7)
Epoch: [13][200/500]	Time 0.181 (0.445)	Data 0.150 (0.413)	Loss 3.06 (3.09)	Cls Acc 20.3 (17.8)
Epoch: [13][300/500]	Time 0.178 (0.442)	Data 0.147 (0.410)	Loss 3.08 (3.09)	Cls Acc 17.6 (18.0)
Epoch: [13][400/500]	Time 0.182 (0.441)	Data 0.150 (0.409)	Loss 3.06 (3.08)	Cls Acc 18.8 (18.1)
Test: [0/2]	Time  6.670 ( 6.670)	Loss 3.7459e+00 (3.7459e+00)	Acc@1   5.86 (  5.86)	Acc@5  23.83 ( 23.83)
 * Acc@1 3.012 Acc@5 20.482
acc1 = 3.0, best_acc1 = 6.2
Epoch: [14][  0/500]	Time 0.132 (0.132)	Data 0.099 (0.099)	Loss 3.04 (3.04)	Cls Acc 21.1 (21.1)
Epoch: [14][100/500]	Time 0.182 (0.432)	Data 0.150 (0.399)	Loss 3.05 (3.02)	Cls Acc 18.0 (19.0)
Epoch: [14][200/500]	Time 0.182 (0.436)	Data 0.151 (0.404)	Loss 3.01 (3.01)	Cls Acc 16.4 (19.2)
Epoch: [14][300/500]	Time 0.180 (0.435)	Data 0.148 (0.403)	Loss 2.99 (3.00)	Cls Acc 22.3 (19.3)
Epoch: [14][400/500]	Time 0.771 (0.438)	Data 0.740 (0.406)	Loss 2.99 (2.99)	Cls Acc 21.9 (19.5)
Test: [0/2]	Time  6.163 ( 6.163)	Loss 3.7725e+00 (3.7725e+00)	Acc@1   6.25 (  6.25)	Acc@5  22.66 ( 22.66)
 * Acc@1 3.213 Acc@5 18.474
acc1 = 3.2, best_acc1 = 6.2
Epoch: [15][  0/500]	Time 0.140 (0.140)	Data 0.107 (0.107)	Loss 2.98 (2.98)	Cls Acc 18.4 (18.4)
Epoch: [15][100/500]	Time 0.176 (0.430)	Data 0.145 (0.398)	Loss 2.98 (2.92)	Cls Acc 17.6 (20.5)
Epoch: [15][200/500]	Time 1.848 (0.440)	Data 1.809 (0.408)	Loss 2.98 (2.91)	Cls Acc 19.9 (20.8)
Epoch: [15][300/500]	Time 0.182 (0.440)	Data 0.150 (0.407)	Loss 2.81 (2.90)	Cls Acc 24.6 (21.0)
Epoch: [15][400/500]	Time 0.183 (0.439)	Data 0.149 (0.407)	Loss 2.93 (2.89)	Cls Acc 18.8 (21.1)
Test: [0/2]	Time  6.460 ( 6.460)	Loss 3.8019e+00 (3.8019e+00)	Acc@1   5.86 (  5.86)	Acc@5  19.53 ( 19.53)
 * Acc@1 3.012 Acc@5 15.060
acc1 = 3.0, best_acc1 = 6.2
Epoch: [16][  0/500]	Time 0.133 (0.133)	Data 0.100 (0.100)	Loss 2.87 (2.87)	Cls Acc 22.7 (22.7)
Epoch: [16][100/500]	Time 0.884 (0.422)	Data 0.853 (0.390)	Loss 2.71 (2.83)	Cls Acc 27.0 (22.2)
Epoch: [16][200/500]	Time 0.371 (0.431)	Data 0.339 (0.400)	Loss 2.88 (2.83)	Cls Acc 20.3 (22.4)
Epoch: [16][300/500]	Time 0.181 (0.434)	Data 0.150 (0.402)	Loss 2.82 (2.82)	Cls Acc 22.3 (22.5)
Epoch: [16][400/500]	Time 0.181 (0.436)	Data 0.150 (0.404)	Loss 2.84 (2.81)	Cls Acc 19.1 (22.6)
Test: [0/2]	Time  6.289 ( 6.289)	Loss 3.8291e+00 (3.8291e+00)	Acc@1   6.25 (  6.25)	Acc@5  21.09 ( 21.09)
 * Acc@1 4.217 Acc@5 16.667
acc1 = 4.2, best_acc1 = 6.2
Epoch: [17][  0/500]	Time 0.135 (0.135)	Data 0.102 (0.102)	Loss 2.80 (2.80)	Cls Acc 23.4 (23.4)
Epoch: [17][100/500]	Time 0.182 (0.437)	Data 0.150 (0.404)	Loss 2.78 (2.78)	Cls Acc 24.2 (23.2)
Epoch: [17][200/500]	Time 0.186 (0.438)	Data 0.155 (0.406)	Loss 2.71 (2.77)	Cls Acc 21.9 (23.3)
Epoch: [17][300/500]	Time 1.849 (0.444)	Data 1.813 (0.412)	Loss 2.73 (2.77)	Cls Acc 28.1 (23.4)
Epoch: [17][400/500]	Time 0.184 (0.442)	Data 0.150 (0.410)	Loss 2.79 (2.76)	Cls Acc 22.7 (23.5)
Test: [0/2]	Time  6.676 ( 6.676)	Loss 3.8340e+00 (3.8340e+00)	Acc@1   5.47 (  5.47)	Acc@5  20.70 ( 20.70)
 * Acc@1 4.217 Acc@5 17.068
acc1 = 4.2, best_acc1 = 6.2
Epoch: [18][  0/500]	Time 0.134 (0.134)	Data 0.100 (0.100)	Loss 2.76 (2.76)	Cls Acc 25.0 (25.0)
Epoch: [18][100/500]	Time 0.180 (0.419)	Data 0.149 (0.387)	Loss 2.78 (2.74)	Cls Acc 17.6 (24.3)
Epoch: [18][200/500]	Time 0.963 (0.433)	Data 0.931 (0.401)	Loss 2.64 (2.73)	Cls Acc 28.1 (24.5)
Epoch: [18][300/500]	Time 0.182 (0.434)	Data 0.150 (0.402)	Loss 2.66 (2.73)	Cls Acc 28.1 (24.6)
Epoch: [18][400/500]	Time 0.183 (0.436)	Data 0.151 (0.404)	Loss 2.70 (2.73)	Cls Acc 25.8 (24.6)
Test: [0/2]	Time  6.355 ( 6.355)	Loss 3.8530e+00 (3.8530e+00)	Acc@1   6.64 (  6.64)	Acc@5  19.53 ( 19.53)
 * Acc@1 6.024 Acc@5 16.667
acc1 = 6.0, best_acc1 = 6.2
Epoch: [19][  0/500]	Time 0.132 (0.132)	Data 0.100 (0.100)	Loss 2.70 (2.70)	Cls Acc 25.4 (25.4)
Epoch: [19][100/500]	Time 0.676 (0.433)	Data 0.645 (0.401)	Loss 2.73 (2.70)	Cls Acc 21.9 (25.3)
Epoch: [19][200/500]	Time 0.180 (0.435)	Data 0.148 (0.403)	Loss 2.75 (2.70)	Cls Acc 24.6 (25.3)
Epoch: [19][300/500]	Time 0.179 (0.438)	Data 0.148 (0.406)	Loss 2.68 (2.70)	Cls Acc 23.8 (25.3)
Epoch: [19][400/500]	Time 1.830 (0.441)	Data 1.798 (0.409)	Loss 2.69 (2.70)	Cls Acc 28.5 (25.4)
Test: [0/2]	Time  6.589 ( 6.589)	Loss 3.8704e+00 (3.8704e+00)	Acc@1   7.03 (  7.03)	Acc@5  20.70 ( 20.70)
 * Acc@1 7.028 Acc@5 18.474
acc1 = 7.0, best_acc1 = 7.0
Epoch: [20][  0/500]	Time 0.134 (0.134)	Data 0.100 (0.100)	Loss 2.66 (2.66)	Cls Acc 25.8 (25.8)
Epoch: [20][100/500]	Time 0.183 (0.424)	Data 0.151 (0.392)	Loss 2.71 (2.67)	Cls Acc 24.6 (26.1)
Epoch: [20][200/500]	Time 0.181 (0.428)	Data 0.150 (0.396)	Loss 2.56 (2.67)	Cls Acc 28.9 (26.1)
Epoch: [20][300/500]	Time 0.938 (0.435)	Data 0.906 (0.403)	Loss 2.68 (2.67)	Cls Acc 26.6 (26.2)
Epoch: [20][400/500]	Time 0.183 (0.436)	Data 0.152 (0.404)	Loss 2.71 (2.66)	Cls Acc 24.6 (26.2)
Test: [0/2]	Time  6.355 ( 6.355)	Loss 3.8976e+00 (3.8976e+00)	Acc@1   5.86 (  5.86)	Acc@5  22.27 ( 22.27)
 * Acc@1 7.028 Acc@5 19.076
acc1 = 7.0, best_acc1 = 7.0
Epoch: [21][  0/500]	Time 0.131 (0.131)	Data 0.097 (0.097)	Loss 2.64 (2.64)	Cls Acc 22.3 (22.3)
Epoch: [21][100/500]	Time 0.186 (0.428)	Data 0.155 (0.396)	Loss 2.77 (2.65)	Cls Acc 27.3 (26.7)
Epoch: [21][200/500]	Time 0.674 (0.435)	Data 0.643 (0.403)	Loss 2.63 (2.64)	Cls Acc 26.2 (26.9)
Epoch: [21][300/500]	Time 0.181 (0.436)	Data 0.150 (0.404)	Loss 2.60 (2.64)	Cls Acc 28.5 (27.0)
Epoch: [21][400/500]	Time 0.184 (0.438)	Data 0.153 (0.406)	Loss 2.54 (2.64)	Cls Acc 32.0 (27.0)
Test: [0/2]	Time  6.219 ( 6.219)	Loss 3.9275e+00 (3.9275e+00)	Acc@1   6.64 (  6.64)	Acc@5  21.09 ( 21.09)
 * Acc@1 7.028 Acc@5 19.679
acc1 = 7.0, best_acc1 = 7.0
Epoch: [22][  0/500]	Time 1.865 (1.865)	Data 1.825 (1.825)	Loss 2.59 (2.59)	Cls Acc 29.3 (29.3)
Epoch: [22][100/500]	Time 0.181 (0.452)	Data 0.150 (0.420)	Loss 2.62 (2.62)	Cls Acc 25.8 (27.4)
Epoch: [22][200/500]	Time 0.179 (0.442)	Data 0.148 (0.410)	Loss 2.43 (2.62)	Cls Acc 36.3 (27.6)
Epoch: [22][300/500]	Time 0.182 (0.439)	Data 0.151 (0.407)	Loss 2.56 (2.61)	Cls Acc 30.1 (27.7)
Epoch: [22][400/500]	Time 0.733 (0.442)	Data 0.702 (0.410)	Loss 2.45 (2.61)	Cls Acc 30.1 (27.7)
Test: [0/2]	Time  6.331 ( 6.331)	Loss 3.9228e+00 (3.9228e+00)	Acc@1   7.42 (  7.42)	Acc@5  20.31 ( 20.31)
 * Acc@1 6.827 Acc@5 19.679
acc1 = 6.8, best_acc1 = 7.0
Epoch: [23][  0/500]	Time 0.130 (0.130)	Data 0.097 (0.097)	Loss 2.60 (2.60)	Cls Acc 27.3 (27.3)
Epoch: [23][100/500]	Time 0.180 (0.431)	Data 0.149 (0.399)	Loss 2.56 (2.59)	Cls Acc 23.4 (28.2)
Epoch: [23][200/500]	Time 0.182 (0.432)	Data 0.149 (0.400)	Loss 2.57 (2.59)	Cls Acc 28.5 (28.3)
Epoch: [23][300/500]	Time 0.859 (0.436)	Data 0.828 (0.404)	Loss 2.58 (2.59)	Cls Acc 28.9 (28.5)
Epoch: [23][400/500]	Time 0.179 (0.436)	Data 0.148 (0.404)	Loss 2.46 (2.58)	Cls Acc 32.0 (28.6)
Test: [0/2]	Time  6.277 ( 6.277)	Loss 3.9626e+00 (3.9626e+00)	Acc@1   6.64 (  6.64)	Acc@5  17.97 ( 17.97)
 * Acc@1 7.229 Acc@5 19.679
acc1 = 7.2, best_acc1 = 7.2
Epoch: [24][  0/500]	Time 0.130 (0.130)	Data 0.096 (0.096)	Loss 2.62 (2.62)	Cls Acc 26.2 (26.2)
Epoch: [24][100/500]	Time 1.797 (0.450)	Data 1.762 (0.418)	Loss 2.50 (2.56)	Cls Acc 30.5 (29.1)
Epoch: [24][200/500]	Time 0.181 (0.444)	Data 0.149 (0.412)	Loss 2.58 (2.56)	Cls Acc 27.7 (29.1)
Traceback (most recent call last):
  File "../../../../source_only.py", line 377, in <module>
    main(args)
  File "../../../../source_only.py", line 143, in main
    lr_scheduler, epoch, args)
  File "../../../../source_only.py", line 194, in train
    x_s, labels_s = next(train_source_iter)
  File "/home/junzhin/Project/Summer_project/code/version2.0/common/utils/data.py", line 12, in __next__
  File "/home/junzhin/anaconda3/lib/python3.7/site-packages/torch/utils/data/dataloader.py", line 521, in __next__
    data = self._next_data()
  File "/home/junzhin/anaconda3/lib/python3.7/site-packages/torch/utils/data/dataloader.py", line 1203, in _next_data
    return self._process_data(data)
  File "/home/junzhin/anaconda3/lib/python3.7/site-packages/torch/utils/data/dataloader.py", line 1229, in _process_data
    data.reraise()
  File "/home/junzhin/anaconda3/lib/python3.7/site-packages/torch/_utils.py", line 434, in reraise
    raise exception
FileNotFoundError: Caught FileNotFoundError in DataLoader worker process 0.
Original Traceback (most recent call last):
  File "/home/junzhin/Project/Summer_project/code/version2.0/common/utils/data.py", line 12, in __next__
  File "/home/junzhin/anaconda3/lib/python3.7/site-packages/torch/utils/data/dataloader.py", line 521, in __next__
    data = self._next_data()
  File "/home/junzhin/anaconda3/lib/python3.7/site-packages/torch/utils/data/dataloader.py", line 1176, in _next_data
    raise StopIteration
StopIteration

During handling of the above exception, another exception occurred:

Traceback (most recent call last):
  File "/home/junzhin/anaconda3/lib/python3.7/site-packages/torch/utils/data/_utils/worker.py", line 287, in _worker_loop
    data = fetcher.fetch(index)
  File "/home/junzhin/anaconda3/lib/python3.7/site-packages/torch/utils/data/_utils/fetch.py", line 49, in fetch
    data = [self.dataset[idx] for idx in possibly_batched_index]
  File "/home/junzhin/anaconda3/lib/python3.7/site-packages/torch/utils/data/_utils/fetch.py", line 49, in <listcomp>
    data = [self.dataset[idx] for idx in possibly_batched_index]
  File "/home/junzhin/Project/Summer_project/code/version2.0/common/vision/datasets/imagelist.py", line 46, in __getitem__
  File "/home/junzhin/anaconda3/lib/python3.7/site-packages/torchvision/datasets/folder.py", line 269, in default_loader
    return pil_loader(path)
  File "/home/junzhin/anaconda3/lib/python3.7/site-packages/torchvision/datasets/folder.py", line 249, in pil_loader
    with open(path, 'rb') as f:
FileNotFoundError: [Errno 2] No such file or directory: '/home/junzhin/Project/Summer_project/code/version2.0/data/office31/amazon/images/keyboard/frame_0010.jpg'

